I, [2023-06-18T12:17:14.531692 #5935]  INFO -- : Registered expected interaction GET /posts
D, [2023-06-18T12:17:14.531821 #5935] DEBUG -- : {
  "description": " GET /posts",
  "providerState": "Server is up",
  "request": {
    "method": "GET",
    "path": "/posts",
    "headers": {
      "Content-Type": "application/json"
    }
  },
  "response": {
    "status": 200,
    "headers": {
    },
    "body": {
      "json_class": "Pact::SomethingLike",
      "contents": [
        {
          "userId": 1,
          "id": 3,
          "title": "ea molestias quasi exercitationem repellat qui ipsa sit aut",
          "body": "ullam et saepe reiciendis voluptatem ad"
        },
        {
          "userId": 1,
          "id": 4,
          "title": "eum et est occaecati",
          "body": "ullam et saepe reiciendis voluptatem adipisci\\nsit amet"
        }
      ]
    }
  },
  "metadata": null
}
I, [2023-06-18T12:17:14.532285 #5935]  INFO -- : Received request GET /posts
D, [2023-06-18T12:17:14.532322 #5935] DEBUG -- : {
  "path": "/posts",
  "query": "",
  "method": "get",
  "headers": {
    "Content-Type": "application/json",
    "Host": "localhost:50441",
    "User-Agent": "Go-http-client/1.1",
    "Accept-Encoding": "gzip",
    "Version": "HTTP/1.1"
  }
}
I, [2023-06-18T12:17:14.532479 #5935]  INFO -- : Found matching response for GET /posts
D, [2023-06-18T12:17:14.532505 #5935] DEBUG -- : {
  "status": 200,
  "headers": {
  },
  "body": {
    "json_class": "Pact::SomethingLike",
    "contents": [
      {
        "userId": 1,
        "id": 3,
        "title": "ea molestias quasi exercitationem repellat qui ipsa sit aut",
        "body": "ullam et saepe reiciendis voluptatem ad"
      },
      {
        "userId": 1,
        "id": 4,
        "title": "eum et est occaecati",
        "body": "ullam et saepe reiciendis voluptatem adipisci\\nsit amet"
      }
    ]
  }
}
I, [2023-06-18T12:17:14.533429 #5935]  INFO -- : Verifying - interactions matched
I, [2023-06-18T12:17:14.533729 #5935]  INFO -- : Cleared interactions
I, [2023-06-18T12:17:14.534321 #5935]  INFO -- : Writing pact for MyProvider to /Users/ilham/project/go/pact-contract-go/client/post/pacts/myconsumer-myprovider.json
